No extension INI on ./human/en/Features/Dictionnaire PHP.txt
Can't process seeAlso `PHP Include <https://www.phptutorial.net/php-tutorial/php-include-file/>_` in ./human/en/Features/inclusion.ini
__invoke() method has a wrong format in file ./human/en/Features/__invoke.ini.
__isset() method has a wrong format in file ./human/en/Features/__isset.ini.
__serialize() method has a wrong format in file ./human/en/Features/__serialize.ini.
__set() method has a wrong format in file ./human/en/Features/__set.ini.
__set_state() method has a wrong format in file ./human/en/Features/__set_state.ini.
__sleep() method has a wrong format in file ./human/en/Features/__sleep.ini.
__unserialize() method has a wrong format in file ./human/en/Features/__unserialize.ini.
__wakeup() method has a wrong format in file ./human/en/Features/__wakeup.ini.
Missing target related link for anonymous-functions in ./human/en/Features/arrow-function.ini
./human/en/Features/authorize.ini has no description. Omitting. 
./human/en/Features/component.ini has no description. Omitting. 
./human/en/Features/days-in-month.ini has some empty seeAlso. 
Missing target related link for error-system in ./human/en/Features/error-handling.ini
related has empty entries in ./human/en/Features/exception-handler.ini
related has empty entries in ./human/en/Features/exponent.ini
./human/en/Features/expression.ini has empty code for PHP. 
./human/en/Features/extension.ini last char is not a .
./human/en/Features/framework.ini last char is not a .
./human/en/Features/hosting.ini has empty code for PHP. 
Error in link for file ./human/en/Features/inclusion.ini : `PHP Include <https://www.phptutorial.net/php-tutorial/php-include-file/>_`
./human/en/Features/loop.ini has double tags : do-while.
./human/en/Features/observer.ini has empty code for PHP. 
related has empty entries in ./human/en/Features/php-docker-container.ini
./human/en/Features/php-native-attribute.ini last char is not a .
./human/en/Features/query.ini last char is not a .
./human/en/Features/reflectionexception.ini last char is not a .
./human/en/Features/relaxed-syntax.ini last char is not a .
related has empty entries in ./human/en/Features/returntypewillchange.ini
./human/en/Features/rfchange.ini last char is not a .
./human/en/Features/rounding.ini has no description. Omitting. 
related has empty entries in ./human/en/Features/shutdown-function.ini
related has empty entries in ./human/en/Features/stringable.ini
./human/en/Features/typerror.ini has some empty seeAlso. 
related has empty entries in ./human/en/Features/upload.ini
related has empty entries in ./human/en/Features/uri.ini
./human/en/Features/view.ini last char is not a .
Missing target related link for ddd in ./human/en/Features/vo.ini
./human/en/Features/wrapper-stream.ini has empty code for PHP. 
./human/en/Features/wrapper.ini last char is not a .
Missing target related link for wrapper-pattern in ./human/en/Features/wrapper.ini
yield from Keyword has a wrong format in file ./human/en/Features/yield-from.ini.
